1752674257848	geckodriver	INFO	Listening on 127.0.0.1:64901
1752674260877	mozrunner::runner	INFO	Running command: "C:\\Program Files\\Mozilla Firefox\\firefox.exe" "--marionette" "--remote-debugging-port" "64902" "--remote-allow-hosts" "localhost" "-no-remote" "-profile" "C:\\Users\\dell\\AppData\\Local\\Temp\\rust_mozprofile21GnKJ"
console.warn: services.settings: Ignoring preference override of remote settings server
console.warn: services.settings: Allow by setting MOZ_REMOTE_SETTINGS_DEVTOOLS=1 in the environment
Dynamically enable window occlusion 0
1752674261233	Marionette	INFO	Marionette enabled
1752674261399	Marionette	INFO	Listening on port 64914
WebDriver BiDi listening on ws://127.0.0.1:64902
Read port: 64914
1752674261559	RemoteAgent	INFO	Proxy settings initialized: {"proxyType":"manual","httpProxy":"127.0.0.1:64905","sslProxy":"127.0.0.1:64905"}
1752674261559	RemoteAgent	WARN	TLS certificate errors will be ignored for this session
JavaScript error: resource://gre/actors/PictureInPictureChild.sys.mjs, line 654: TypeError: MutationObserver.observe: Argument 1 is not an object.
1752674539827	Marionette	INFO	Stopped listening on port 64914
Dynamically enable window occlusion 1
console.error: "Failed to fetch https://ads.mozilla.org/v1/delete_user:" "NetworkError when attempting to fetch resource."
console.warn: TopSitesFeed: Failed to fetch data from MARS server: NetworkError when attempting to fetch resource.
JavaScript error: resource://services-settings/RemoteSettingsClient.sys.mjs, line 101: Error: Unknown callback
1752683979380	geckodriver	INFO	Listening on 127.0.0.1:65352
1752683982463	mozrunner::runner	INFO	Running command: "C:\\Program Files\\Mozilla Firefox\\firefox.exe" "--marionette" "--remote-debugging-port" "65353" "--remote-allow-hosts" "localhost" "-no-remote" "-profile" "C:\\Users\\dell\\AppData\\Local\\Temp\\rust_mozprofileuI8N3b"
console.warn: services.settings: Ignoring preference override of remote settings server
console.warn: services.settings: Allow by setting MOZ_REMOTE_SETTINGS_DEVTOOLS=1 in the environment
Dynamically enable window occlusion 0
1752683983015	Marionette	INFO	Marionette enabled
1752683983197	Marionette	INFO	Listening on port 65365
WebDriver BiDi listening on ws://127.0.0.1:65353
Read port: 65365
1752683983385	RemoteAgent	INFO	Proxy settings initialized: {"proxyType":"manual","httpProxy":"127.0.0.1:65356","sslProxy":"127.0.0.1:65356"}
1752683983385	RemoteAgent	WARN	TLS certificate errors will be ignored for this session
JavaScript error: resource://gre/actors/PictureInPictureChild.sys.mjs, line 654: TypeError: MutationObserver.observe: Argument 1 is not an object.
JavaScript warning: https://www.redditstatic.com/shreddit/sm/en-US/shell-dc3dbc8e.js, line 2: Script terminated by timeout at:
Pc/this.onFaceplateRequest/<@https://www.redditstatic.com/shreddit/sm/en-US/shell-dc3dbc8e.js:2:273379
Pc/this.onFaceplateRequest@https://www.redditstatic.com/shreddit/sm/en-US/shell-dc3dbc8e.js:2:273355
Vh/this._perfMetrics<@https://www.redditstatic.com/shreddit/sm/en-US/shell-dc3dbc8e.js:5:13081
notifyAndSendMetrics@https://www.redditstatic.com/shreddit/sm/en-US/shell-dc3dbc8e.js:5:11461
gatherThenSendMetrics@https://www.redditstatic.com/shreddit/sm/en-US/shell-dc3dbc8e.js:5:11377
registerCustomMetric/<@https://www.redditstatic.com/shreddit/sm/en-US/shell-dc3dbc8e.js:5:12495
onWebVitalMeasured/<@https://www.redditstatic.com/shreddit/sm/en-US/shell-dc3dbc8e.js:5:15970
onLCP/<@https://www.redditstatic.com/shreddit/sm/en-US/shell-dc3dbc8e.js:5:15762
Qu/<@https://www.redditstatic.com/shreddit/sm/en-US/shell-dc3dbc8e.js:5:3123
onLCP/</a<@https://www.redditstatic.com/shreddit/sm/en-US/shell-dc3dbc8e.js:5:14811
Xu/<@https://www.redditstatic.com/shreddit/sm/en-US/shell-dc3dbc8e.js:5:3460
t@https://www.redditstatic.com/shreddit/sm/en-US/shell-dc3dbc8e.js:5:3330

1752684285873	Marionette	INFO	Stopped listening on port 65365
Dynamically enable window occlusion 1
console.error: "Failed to fetch https://ads.mozilla.org/v1/delete_user:" "NetworkError when attempting to fetch resource."
console.warn: TopSitesFeed: Failed to fetch data from MARS server: NetworkError when attempting to fetch resource.
JavaScript error: resource://services-settings/RemoteSettingsClient.sys.mjs, line 101: Error: Unknown callback
1752692289346	geckodriver	INFO	Listening on 127.0.0.1:55180
1752692292397	mozrunner::runner	INFO	Running command: "C:\\Program Files\\Mozilla Firefox\\firefox.exe" "--marionette" "--remote-debugging-port" "55181" "--remote-allow-hosts" "localhost" "-no-remote" "-profile" "C:\\Users\\dell\\AppData\\Local\\Temp\\rust_mozprofileu4qWs5"
console.warn: services.settings: Ignoring preference override of remote settings server
console.warn: services.settings: Allow by setting MOZ_REMOTE_SETTINGS_DEVTOOLS=1 in the environment
Dynamically enable window occlusion 0
1752692292881	Marionette	INFO	Marionette enabled
1752692293050	Marionette	INFO	Listening on port 55197
WebDriver BiDi listening on ws://127.0.0.1:55181
Read port: 55197
1752692293215	RemoteAgent	INFO	Proxy settings initialized: {"proxyType":"manual","httpProxy":"127.0.0.1:55184","sslProxy":"127.0.0.1:55184"}
1752692293215	RemoteAgent	WARN	TLS certificate errors will be ignored for this session
JavaScript error: resource://gre/actors/PictureInPictureChild.sys.mjs, line 654: TypeError: MutationObserver.observe: Argument 1 is not an object.
1752692574471	Marionette	INFO	Stopped listening on port 55197
Dynamically enable window occlusion 1
console.error: "Failed to fetch https://ads.mozilla.org/v1/delete_user:" "NetworkError when attempting to fetch resource."
console.warn: TopSitesFeed: Failed to fetch data from MARS server: NetworkError when attempting to fetch resource.
JavaScript error: resource://services-settings/RemoteSettingsClient.sys.mjs, line 101: Error: Unknown callback
[GFX1-]: VideoBridgeParent receives IPC close with reason=AbnormalShutdown
